c:\zwave-hq\drlaser-equipment-app\machineapp\x64\debug\vc143.pdb
c:\zwave-hq\drlaser-equipment-app\machineapp\x64\debug\vc143.idb
c:\zwave-hq\drlaser-equipment-app\machineapp\x64\debug\visioncallback.obj
c:\zwave-hq\drlaser-equipment-app\machineapp\x64\debug\main.obj
c:\zwave-hq\drlaser-equipment-app\machineapp\x64\debug\rpcqueuehandler.obj
c:\zwave-hq\drlaser-equipment-app\machineapp\x64\debug\processtableconfigurationcallback.obj
c:\zwave-hq\drlaser-equipment-app\machineapp\x64\debug\pingcallback.obj
c:\zwave-hq\drlaser-equipment-app\machineapp\x64\debug\motioncallback.obj
c:\zwave-hq\drlaser-equipment-app\machineapp\x64\debug\motionaxiscontrolconfigurationcallback.obj
c:\zwave-hq\drlaser-equipment-app\machineapp\x64\debug\configurationcallback.obj
c:\zwave-hq\drlaser-equipment-app\machineapp\x64\debug\lasercallback.obj
c:\zwave-hq\drlaser-equipment-app\machineapp\x64\debug\inspectionvisionconfigurationcallback.obj
c:\zwave-hq\drlaser-equipment-app\machineapp\x64\debug\inspectionvisioncallback.obj
c:\zwave-hq\drlaser-equipment-app\machineapp\x64\debug\helper.obj
c:\zwave-hq\drlaser-equipment-app\machineapp\x64\debug\donorliftingmoduleconfigurationcallback.obj
c:\zwave-hq\drlaser-equipment-app\machineapp\x64\debug\criticalactioncallback.obj
c:\zwave-hq\drlaser-equipment-app\machineapp\x64\debug\criticalaction.obj
c:\zwave-hq\drlaser-equipment-app\machineapp\x64\debug\alarmcallback.obj
c:\zwave-hq\drlaser-equipment-app\machineapp\x64\debug\alarmstorage.obj
c:\zwave-hq\drlaser-equipment-app\bin\debug\machineapp.exe
c:\zwave-hq\drlaser-equipment-app\bin\debug\machineapp.pdb
c:\zwave-hq\drlaser-equipment-app\machineapp\x64\debug\machineapp.res
c:\zwave-hq\drlaser-equipment-app\machineapp\x64\debug\machineapp.ilk
c:\zwave-hq\drlaser-equipment-app\machineapp\x64\debug\commonlib.tli
c:\zwave-hq\drlaser-equipment-app\machineapp\x64\debug\commonlib.tlh
c:\zwave-hq\drlaser-equipment-app\machineapp\x64\debug\machineapp.tlog\cl.command.1.tlog
c:\zwave-hq\drlaser-equipment-app\machineapp\x64\debug\machineapp.tlog\cl.items.tlog
c:\zwave-hq\drlaser-equipment-app\machineapp\x64\debug\machineapp.tlog\cl.read.1.tlog
c:\zwave-hq\drlaser-equipment-app\machineapp\x64\debug\machineapp.tlog\cl.write.1.tlog
c:\zwave-hq\drlaser-equipment-app\machineapp\x64\debug\machineapp.tlog\link.command.1.tlog
c:\zwave-hq\drlaser-equipment-app\machineapp\x64\debug\machineapp.tlog\link.read.1.tlog
c:\zwave-hq\drlaser-equipment-app\machineapp\x64\debug\machineapp.tlog\link.secondary.1.tlog
c:\zwave-hq\drlaser-equipment-app\machineapp\x64\debug\machineapp.tlog\link.write.1.tlog
c:\zwave-hq\drlaser-equipment-app\machineapp\x64\debug\machineapp.tlog\rc.command.1.tlog
c:\zwave-hq\drlaser-equipment-app\machineapp\x64\debug\machineapp.tlog\rc.read.1.tlog
c:\zwave-hq\drlaser-equipment-app\machineapp\x64\debug\machineapp.tlog\rc.write.1.tlog
